<?xml version="1.0" encoding="UTF-8"?>
<testsuite name="user_manual.AppTest" tests="1" skipped="0" failures="0" errors="0" timestamp="2023-03-13T11:42:55" hostname="DESKTOP-O7TB4C8" time="11.791">
  <properties/>
  <testcase name="stocks" classname="user_manual.AppTest" time="11.791"/>
  <system-out><![CDATA[]]></system-out>
  <system-err><![CDATA[]]></system-err>
</testsuite>
